-- enable_extension("pg_trgm")
   -> 0.0116s
-- enable_extension("plpgsql")
   -> 0.0015s
-- create_table("abuse_reports", {:id=>:serial, :force=>:cascade})
   -> 0.0702s
-- create_table("alerts_service_data", {:force=>:cascade})
   -> 0.0355s
-- create_table("allowed_email_domains", {:force=>:cascade})
   -> 0.0116s
-- create_table("analytics_cycle_analytics_group_stages", {:force=>:cascade})
   -> 0.0339s
-- create_table("analytics_cycle_analytics_project_stages", {:force=>:cascade})
   -> 0.0324s
-- create_table("analytics_language_trend_repository_languages", {:id=>false, :force=>:cascade})
   -> 0.0163s
-- create_table("appearances", {:id=>:serial, :force=>:cascade})
   -> 0.0087s
-- create_table("application_setting_terms", {:id=>:serial, :force=>:cascade})
   -> 0.0106s
-- create_table("application_settings", {:id=>:serial, :force=>:cascade})
   -> 0.0791s
-- create_table("approval_merge_request_rule_sources", {:force=>:cascade})
   -> 0.0163s
-- create_table("approval_merge_request_rules", {:force=>:cascade})
   -> 0.0346s
-- create_table("approval_merge_request_rules_approved_approvers", {:force=>:cascade})
   -> 0.0157s
-- create_table("approval_merge_request_rules_groups", {:force=>:cascade})
   -> 0.0165s
-- create_table("approval_merge_request_rules_users", {:force=>:cascade})
   -> 0.0158s
-- create_table("approval_project_rules", {:force=>:cascade})
   -> 0.0235s
-- create_table("approval_project_rules_groups", {:force=>:cascade})
   -> 0.0211s
-- create_table("approval_project_rules_users", {:force=>:cascade})
   -> 0.0140s
-- create_table("approvals", {:id=>:serial, :force=>:cascade})
   -> 0.0153s
-- create_table("approver_groups", {:id=>:serial, :force=>:cascade})
   -> 0.2037s
-- create_table("approvers", {:id=>:serial, :force=>:cascade})
   -> 0.0352s
-- create_table("audit_events", {:id=>:serial, :force=>:cascade})
   -> 0.0253s
-- create_table("award_emoji", {:id=>:serial, :force=>:cascade})
   -> 0.0214s
-- create_table("badges", {:id=>:serial, :force=>:cascade})
   -> 0.0184s
-- create_table("board_assignees", {:id=>:serial, :force=>:cascade})
   -> 0.0134s
-- create_table("board_group_recent_visits", {:force=>:cascade})
   -> 0.0320s
-- create_table("board_labels", {:id=>:serial, :force=>:cascade})
   -> 0.0159s
-- create_table("board_project_recent_visits", {:force=>:cascade})
   -> 0.0284s
-- create_table("boards", {:id=>:serial, :force=>:cascade})
   -> 0.0227s
-- create_table("broadcast_messages", {:id=>:serial, :force=>:cascade})
   -> 0.0128s
-- create_table("chat_names", {:id=>:serial, :force=>:cascade})
   -> 0.0188s
-- create_table("chat_teams", {:id=>:serial, :force=>:cascade})
   -> 0.0155s
-- create_table("ci_build_needs", {:id=>:serial, :force=>:cascade})
   -> 0.0149s
-- create_table("ci_build_trace_chunks", {:force=>:cascade})
   -> 0.0127s
-- create_table("ci_build_trace_section_names", {:id=>:serial, :force=>:cascade})
   -> 0.0133s
-- create_table("ci_build_trace_sections", {:id=>:serial, :force=>:cascade})
   -> 0.0339s
-- create_table("ci_builds", {:id=>:serial, :force=>:cascade})
   -> 0.8385s
-- create_table("ci_builds_metadata", {:id=>:serial, :force=>:cascade})
   -> 0.0371s
-- create_table("ci_builds_runner_session", {:force=>:cascade})
   -> 0.0148s
-- create_table("ci_group_variables", {:id=>:serial, :force=>:cascade})
   -> 0.0127s
-- create_table("ci_job_artifacts", {:id=>:serial, :force=>:cascade})
   -> 0.0332s
-- create_table("ci_job_variables", {:force=>:cascade})
   -> 0.0192s
-- create_table("ci_pipeline_chat_data", {:force=>:cascade})
   -> 0.0186s
-- create_table("ci_pipeline_schedule_variables", {:id=>:serial, :force=>:cascade})
   -> 0.0147s
-- create_table("ci_pipeline_schedules", {:id=>:serial, :force=>:cascade})
   -> 0.0244s
-- create_table("ci_pipeline_variables", {:id=>:serial, :force=>:cascade})
   -> 0.3006s
-- create_table("ci_pipelines", {:id=>:serial, :force=>:cascade})
   -> 0.1075s
-- create_table("ci_runner_namespaces", {:id=>:serial, :force=>:cascade})
   -> 0.0147s
-- create_table("ci_runner_projects", {:id=>:serial, :force=>:cascade})
   -> 0.0134s
-- create_table("ci_runners", {:id=>:serial, :force=>:cascade})
   -> 0.0436s
-- create_table("ci_sources_pipelines", {:id=>:serial, :force=>:cascade})
   -> 0.0302s
-- create_table("ci_stages", {:id=>:serial, :force=>:cascade})
   -> 0.2874s
-- create_table("ci_trigger_requests", {:id=>:serial, :force=>:cascade})
   -> 0.0306s
-- create_table("ci_triggers", {:id=>:serial, :force=>:cascade})
   -> 0.0243s
-- create_table("ci_variables", {:id=>:serial, :force=>:cascade})
   -> 0.0177s
-- create_table("cluster_groups", {:id=>:serial, :force=>:cascade})
   -> 0.0149s
-- create_table("cluster_platforms_kubernetes", {:id=>:serial, :force=>:cascade})
   -> 0.0127s
-- create_table("cluster_projects", {:id=>:serial, :force=>:cascade})
   -> 0.0151s
-- create_table("cluster_providers_gcp", {:id=>:serial, :force=>:cascade})
   -> 0.0143s
-- create_table("clusters", {:id=>:serial, :force=>:cascade})
   -> 0.0200s
-- create_table("clusters_applications_cert_managers", {:id=>:serial, :force=>:cascade})
   -> 0.0131s
-- create_table("clusters_applications_helm", {:id=>:serial, :force=>:cascade})
   -> 0.0148s
-- create_table("clusters_applications_ingress", {:id=>:serial, :force=>:cascade})
   -> 0.0128s
-- create_table("clusters_applications_jupyter", {:id=>:serial, :force=>:cascade})
   -> 0.0257s
-- create_table("clusters_applications_knative", {:id=>:serial, :force=>:cascade})
   -> 0.1886s
-- create_table("clusters_applications_prometheus", {:id=>:serial, :force=>:cascade})
   -> 0.0749s
-- create_table("clusters_applications_runners", {:id=>:serial, :force=>:cascade})
   -> 0.0325s
-- create_table("clusters_kubernetes_namespaces", {:force=>:cascade})
   -> 0.0583s
-- create_table("container_repositories", {:id=>:serial, :force=>:cascade})
   -> 0.0243s
-- create_table("conversational_development_index_metrics", {:id=>:serial, :force=>:cascade})
   -> 0.0122s
-- create_table("dependency_proxy_blobs", {:id=>:serial, :force=>:cascade})
   -> 0.0152s
-- create_table("dependency_proxy_group_settings", {:id=>:serial, :force=>:cascade})
   -> 0.0168s
-- create_table("deploy_keys_projects", {:id=>:serial, :force=>:cascade})
   -> 0.0107s
-- create_table("deploy_tokens", {:id=>:serial, :force=>:cascade})
   -> 0.0277s
-- create_table("deployments", {:id=>:serial, :force=>:cascade})
   -> 0.3132s
-- create_table("design_management_designs", {:force=>:cascade})
   -> 0.0383s
-- create_table("design_management_designs_versions", {:id=>false, :force=>:cascade})
   -> 0.0297s
-- create_table("design_management_versions", {:force=>:cascade})
   -> 0.0215s
-- create_table("draft_notes", {:force=>:cascade})
   -> 0.0240s
-- create_table("elasticsearch_indexed_namespaces", {:id=>false, :force=>:cascade})
   -> 0.0068s
-- create_table("elasticsearch_indexed_projects", {:id=>false, :force=>:cascade})
   -> 0.0066s
-- create_table("emails", {:id=>:serial, :force=>:cascade})
   -> 0.0248s
-- create_table("environments", {:id=>:serial, :force=>:cascade})
   -> 0.0299s
-- create_table("epic_issues", {:id=>:serial, :force=>:cascade})
   -> 0.0155s
-- create_table("epic_metrics", {:id=>:serial, :force=>:cascade})
   -> 0.0117s
-- create_table("epics", {:id=>:serial, :force=>:cascade})
   -> 0.6137s
-- create_table("events", {:id=>:serial, :force=>:cascade})
   -> 0.0567s
-- create_table("external_pull_requests", {:force=>:cascade})
   -> 0.0196s
-- create_table("feature_gates", {:id=>:serial, :force=>:cascade})
   -> 0.0172s
-- create_table("features", {:id=>:serial, :force=>:cascade})
   -> 0.0167s
-- create_table("fork_network_members", {:id=>:serial, :force=>:cascade})
   -> 0.2056s
-- create_table("fork_networks", {:id=>:serial, :force=>:cascade})
   -> 0.0225s
-- create_table("forked_project_links", {:id=>:serial, :force=>:cascade})
   -> 0.0166s
-- create_table("geo_cache_invalidation_events", {:force=>:cascade})
   -> 0.0104s
-- create_table("geo_container_repository_updated_events", {:force=>:cascade})
   -> 0.0125s
-- create_table("geo_event_log", {:force=>:cascade})
   -> 0.0943s
-- create_table("geo_hashed_storage_attachments_events", {:force=>:cascade})
   -> 0.0182s
-- create_table("geo_hashed_storage_migrated_events", {:force=>:cascade})
   -> 0.0164s
-- create_table("geo_job_artifact_deleted_events", {:force=>:cascade})
   -> 0.0146s
-- create_table("geo_lfs_object_deleted_events", {:force=>:cascade})
   -> 0.0149s
-- create_table("geo_node_namespace_links", {:id=>:serial, :force=>:cascade})
   -> 0.0284s
-- create_table("geo_node_statuses", {:id=>:serial, :force=>:cascade})
   -> 0.0164s
-- create_table("geo_nodes", {:id=>:serial, :force=>:cascade})
   -> 0.0286s
-- create_table("geo_repositories_changed_events", {:force=>:cascade})
   -> 0.0090s
-- create_table("geo_repository_created_events", {:force=>:cascade})
   -> 0.0119s
-- create_table("geo_repository_deleted_events", {:force=>:cascade})
   -> 0.0144s
-- create_table("geo_repository_renamed_events", {:force=>:cascade})
   -> 0.3022s
-- create_table("geo_repository_updated_events", {:force=>:cascade})
   -> 0.0422s
-- create_table("geo_reset_checksum_events", {:force=>:cascade})
   -> 0.0124s
-- create_table("geo_upload_deleted_events", {:force=>:cascade})
   -> 0.0130s
-- create_table("gitlab_subscriptions", {:force=>:cascade})
   -> 0.0168s
-- create_table("gpg_key_subkeys", {:id=>:serial, :force=>:cascade})
   -> 0.0243s
-- create_table("gpg_keys", {:id=>:serial, :force=>:cascade})
   -> 0.0333s
-- create_table("gpg_signatures", {:id=>:serial, :force=>:cascade})
   -> 0.0424s
-- create_table("group_custom_attributes", {:id=>:serial, :force=>:cascade})
   -> 0.0190s
-- create_table("historical_data", {:id=>:serial, :force=>:cascade})
   -> 0.2162s
-- create_table("identities", {:id=>:serial, :force=>:cascade})
   -> 0.0695s
-- create_table("import_export_uploads", {:id=>:serial, :force=>:cascade})
   -> 0.0232s
-- create_table("index_statuses", {:id=>:serial, :force=>:cascade})
   -> 0.0115s
-- create_table("insights", {:id=>:serial, :force=>:cascade})
   -> 0.0151s
-- create_table("internal_ids", {:force=>:cascade})
   -> 0.0269s
-- create_table("ip_restrictions", {:force=>:cascade})
   -> 0.0142s
-- create_table("issue_assignees", {:id=>false, :force=>:cascade})
   -> 0.0122s
-- create_table("issue_links", {:id=>:serial, :force=>:cascade})
   -> 0.0221s
-- create_table("issue_metrics", {:id=>:serial, :force=>:cascade})
   -> 0.0110s
-- create_table("issue_tracker_data", {:force=>:cascade})
   -> 0.0147s
-- create_table("issues", {:id=>:serial, :force=>:cascade})
   -> 0.5534s
-- create_table("jira_connect_installations", {:force=>:cascade})
   -> 0.0253s
-- create_table("jira_connect_subscriptions", {:force=>:cascade})
   -> 0.0365s
-- create_table("jira_tracker_data", {:force=>:cascade})
   -> 0.0194s
-- create_table("keys", {:id=>:serial, :force=>:cascade})
   -> 0.0255s
-- create_table("label_links", {:id=>:serial, :force=>:cascade})
   -> 0.3030s
-- create_table("label_priorities", {:id=>:serial, :force=>:cascade})
   -> 0.0425s
-- create_table("labels", {:id=>:serial, :force=>:cascade})
   -> 0.0377s
-- create_table("ldap_group_links", {:id=>:serial, :force=>:cascade})
   -> 0.0085s
-- create_table("lfs_file_locks", {:id=>:serial, :force=>:cascade})
   -> 0.0225s
-- create_table("lfs_objects", {:id=>:serial, :force=>:cascade})
   -> 0.0274s
-- create_table("lfs_objects_projects", {:id=>:serial, :force=>:cascade})
   -> 0.0164s
-- create_table("licenses", {:id=>:serial, :force=>:cascade})
   -> 0.0093s
-- create_table("list_user_preferences", {:force=>:cascade})
   -> 0.0331s
-- create_table("lists", {:id=>:serial, :force=>:cascade})
   -> 0.2313s
-- create_table("members", {:id=>:serial, :force=>:cascade})
   -> 0.1522s
-- create_table("merge_request_assignees", {:force=>:cascade})
   -> 0.0243s
-- create_table("merge_request_blocks", {:force=>:cascade})
   -> 0.0161s
-- create_table("merge_request_diff_commits", {:id=>false, :force=>:cascade})
   -> 0.0167s
-- create_table("merge_request_diff_files", {:id=>false, :force=>:cascade})
   -> 0.0165s
-- create_table("merge_request_diffs", {:id=>:serial, :force=>:cascade})
   -> 0.0311s
-- create_table("merge_request_metrics", {:id=>:serial, :force=>:cascade})
   -> 0.0580s
-- create_table("merge_requests", {:id=>:serial, :force=>:cascade})
   -> 1.4892s
-- create_table("merge_requests_closing_issues", {:id=>:serial, :force=>:cascade})
   -> 0.0335s
-- create_table("merge_trains", {:force=>:cascade})
   -> 0.0458s
-- create_table("milestone_releases", {:id=>false, :force=>:cascade})
   -> 0.0141s
-- create_table("milestones", {:id=>:serial, :force=>:cascade})
   -> 0.0619s
-- create_table("namespace_aggregation_schedules", {:primary_key=>"namespace_id", :id=>:integer, :default=>nil, :force=>:cascade})
   -> 0.0163s
-- create_table("namespace_root_storage_statistics", {:primary_key=>"namespace_id", :id=>:integer, :default=>nil, :force=>:cascade})
   -> 0.2983s
-- create_table("namespace_statistics", {:id=>:serial, :force=>:cascade})
   -> 0.0144s
-- create_table("namespaces", {:id=>:serial, :force=>:cascade})
   -> 0.5576s
-- create_table("note_diff_files", {:id=>:serial, :force=>:cascade})
   -> 0.0215s
-- create_table("notes", {:id=>:serial, :force=>:cascade})
   -> 0.0961s
-- create_table("notification_settings", {:id=>:serial, :force=>:cascade})
   -> 0.0379s
-- create_table("oauth_access_grants", {:id=>:serial, :force=>:cascade})
   -> 0.0118s
-- create_table("oauth_access_tokens", {:id=>:serial, :force=>:cascade})
   -> 0.0310s
-- create_table("oauth_applications", {:id=>:serial, :force=>:cascade})
   -> 0.0196s
-- create_table("oauth_openid_requests", {:id=>:serial, :force=>:cascade})
   -> 0.4959s
-- create_table("operations_feature_flag_scopes", {:force=>:cascade})
   -> 0.0312s
-- create_table("operations_feature_flags", {:force=>:cascade})
   -> 0.0203s
-- create_table("operations_feature_flags_clients", {:force=>:cascade})
   -> 0.2528s
-- create_table("packages_maven_metadata", {:force=>:cascade})
   -> 0.0272s
-- create_table("packages_package_files", {:force=>:cascade})
   -> 0.0260s
-- create_table("packages_package_metadata", {:force=>:cascade})
   -> 0.0232s
-- create_table("packages_package_tags", {:force=>:cascade})
   -> 0.0183s
-- create_table("packages_packages", {:force=>:cascade})
   -> 0.0251s
-- create_table("pages_domain_acme_orders", {:force=>:cascade})
   -> 0.0348s
-- create_table("pages_domains", {:id=>:serial, :force=>:cascade})
   -> 0.0748s
-- create_table("path_locks", {:id=>:serial, :force=>:cascade})
   -> 0.0252s
-- create_table("personal_access_tokens", {:id=>:serial, :force=>:cascade})
   -> 0.2635s
-- create_table("plans", {:id=>:serial, :force=>:cascade})
   -> 0.0179s
-- create_table("pool_repositories", {:force=>:cascade})
   -> 0.0273s
-- create_table("programming_languages", {:id=>:serial, :force=>:cascade})
   -> 0.0140s
-- create_table("project_alerting_settings", {:primary_key=>"project_id", :id=>:integer, :default=>nil, :force=>:cascade})
   -> 0.0089s
-- create_table("project_aliases", {:force=>:cascade})
   -> 0.0198s
-- create_table("project_authorizations", {:id=>false, :force=>:cascade})
   -> 0.0150s
-- create_table("project_auto_devops", {:id=>:serial, :force=>:cascade})
   -> 0.0114s
-- create_table("project_ci_cd_settings", {:id=>:serial, :force=>:cascade})
   -> 0.0116s
-- create_table("project_custom_attributes", {:id=>:serial, :force=>:cascade})
   -> 0.0230s
-- create_table("project_daily_statistics", {:force=>:cascade})
   -> 0.0103s
-- create_table("project_deploy_tokens", {:id=>:serial, :force=>:cascade})
   -> 0.0169s
-- create_table("project_error_tracking_settings", {:primary_key=>"project_id", :id=>:integer, :default=>nil, :force=>:cascade})
   -> 0.0092s
-- create_table("project_feature_usages", {:primary_key=>"project_id", :id=>:integer, :default=>nil, :force=>:cascade})
   -> 0.0230s
-- create_table("project_features", {:id=>:serial, :force=>:cascade})
   -> 0.0120s
-- create_table("project_group_links", {:id=>:serial, :force=>:cascade})
   -> 0.0176s
-- create_table("project_import_data", {:id=>:serial, :force=>:cascade})
   -> 0.0149s
-- create_table("project_incident_management_settings", {:primary_key=>"project_id", :id=>:serial, :force=>:cascade})
   -> 0.2672s
-- create_table("project_metrics_settings", {:primary_key=>"project_id", :id=>:integer, :default=>nil, :force=>:cascade})
   -> 0.0085s
-- create_table("project_mirror_data", {:id=>:serial, :force=>:cascade})
   -> 0.0561s
-- create_table("project_repositories", {:force=>:cascade})
   -> 0.0255s
-- create_table("project_repository_states", {:id=>:serial, :force=>:cascade})
   -> 0.0413s
-- create_table("project_statistics", {:id=>:serial, :force=>:cascade})
   -> 0.0172s
-- create_table("project_tracing_settings", {:force=>:cascade})
   -> 0.0146s
-- create_table("projects", {:id=>:serial, :force=>:cascade})
   -> 0.9348s
-- create_table("prometheus_alert_events", {:force=>:cascade})
   -> 0.0197s
-- create_table("prometheus_alerts", {:id=>:serial, :force=>:cascade})
   -> 0.0252s
-- create_table("prometheus_metrics", {:id=>:serial, :force=>:cascade})
   -> 0.0305s
-- create_table("protected_branch_merge_access_levels", {:id=>:serial, :force=>:cascade})
   -> 0.0217s
-- create_table("protected_branch_push_access_levels", {:id=>:serial, :force=>:cascade})
   -> 0.0257s
-- create_table("protected_branch_unprotect_access_levels", {:id=>:serial, :force=>:cascade})
   -> 0.0225s
-- create_table("protected_branches", {:id=>:serial, :force=>:cascade})
   -> 0.0205s
-- create_table("protected_environment_deploy_access_levels", {:id=>:serial, :force=>:cascade})
   -> 0.3766s
-- create_table("protected_environments", {:id=>:serial, :force=>:cascade})
   -> 0.0180s
-- create_table("protected_tag_create_access_levels", {:id=>:serial, :force=>:cascade})
   -> 0.0239s
-- create_table("protected_tags", {:id=>:serial, :force=>:cascade})
   -> 0.0193s
-- create_table("push_event_payloads", {:id=>false, :force=>:cascade})
   -> 0.0136s
-- create_table("push_rules", {:id=>:serial, :force=>:cascade})
   -> 0.0191s
-- create_table("redirect_routes", {:id=>:serial, :force=>:cascade})
   -> 0.0176s
-- create_table("release_links", {:force=>:cascade})
   -> 0.0203s
-- create_table("releases", {:id=>:serial, :force=>:cascade})
   -> 0.2352s
-- create_table("remote_mirrors", {:id=>:serial, :force=>:cascade})
   -> 0.0195s
-- create_table("repository_languages", {:id=>false, :force=>:cascade})
   -> 0.0069s
-- create_table("resource_label_events", {:force=>:cascade})
   -> 0.0345s
-- create_table("reviews", {:force=>:cascade})
   -> 0.0207s
-- create_table("routes", {:id=>:serial, :force=>:cascade})
   -> 0.0231s
-- create_table("saml_providers", {:id=>:serial, :force=>:cascade})
   -> 0.0155s
-- create_table("scim_oauth_access_tokens", {:id=>:serial, :force=>:cascade})
   -> 0.0156s
-- create_table("sent_notifications", {:id=>:serial, :force=>:cascade})
   -> 0.0128s
-- create_table("services", {:id=>:serial, :force=>:cascade})
   -> 0.0845s
-- create_table("shards", {:id=>:serial, :force=>:cascade})
   -> 0.0182s
-- create_table("slack_integrations", {:id=>:serial, :force=>:cascade})
   -> 0.0452s
-- create_table("smartcard_identities", {:force=>:cascade})
   -> 0.2887s
-- create_table("snippets", {:id=>:serial, :force=>:cascade})
   -> 0.0410s
-- create_table("software_license_policies", {:id=>:serial, :force=>:cascade})
   -> 0.0161s
-- create_table("software_licenses", {:id=>:serial, :force=>:cascade})
   -> 0.0226s
-- create_table("spam_logs", {:id=>:serial, :force=>:cascade})
   -> 0.0082s
-- create_table("subscriptions", {:id=>:serial, :force=>:cascade})
   -> 0.0186s
-- create_table("suggestions", {:force=>:cascade})
   -> 0.0151s
-- create_table("system_note_metadata", {:id=>:serial, :force=>:cascade})
   -> 0.0131s
-- create_table("taggings", {:id=>:serial, :force=>:cascade})
   -> 0.0620s
-- create_table("tags", {:id=>:serial, :force=>:cascade})
   -> 0.0211s
-- create_table("term_agreements", {:id=>:serial, :force=>:cascade})
   -> 0.2568s
-- create_table("timelogs", {:id=>:serial, :force=>:cascade})
   -> 0.0419s
-- create_table("todos", {:id=>:serial, :force=>:cascade})
   -> 0.2070s
-- create_table("trending_projects", {:id=>:serial, :force=>:cascade})
   -> 0.0247s
-- create_table("u2f_registrations", {:id=>:serial, :force=>:cascade})
   -> 0.0247s
-- create_table("uploads", {:id=>:serial, :force=>:cascade})
   -> 0.2637s
-- create_table("user_agent_details", {:id=>:serial, :force=>:cascade})
   -> 0.0249s
-- create_table("user_callouts", {:id=>:serial, :force=>:cascade})
   -> 0.0214s
-- create_table("user_custom_attributes", {:id=>:serial, :force=>:cascade})
   -> 0.0231s
-- create_table("user_interacted_projects", {:id=>false, :force=>:cascade})
   -> 0.0185s
-- create_table("user_preferences", {:id=>:serial, :force=>:cascade})
   -> 0.0166s
-- create_table("user_statuses", {:primary_key=>"user_id", :id=>:serial, :force=>:cascade})
   -> 0.0146s
-- create_table("user_synced_attributes_metadata", {:id=>:serial, :force=>:cascade})
   -> 0.0151s
-- create_table("users", {:id=>:serial, :force=>:cascade})
   -> 0.4923s
-- create_table("users_ops_dashboard_projects", {:force=>:cascade})
   -> 0.0199s
-- create_table("users_star_projects", {:id=>:serial, :force=>:cascade})
   -> 0.0157s
-- create_table("vulnerability_feedback", {:id=>:serial, :force=>:cascade})
   -> 0.0402s
-- create_table("vulnerability_identifiers", {:force=>:cascade})
   -> 0.0129s
-- create_table("vulnerability_occurrence_identifiers", {:force=>:cascade})
   -> 0.0171s
-- create_table("vulnerability_occurrence_pipelines", {:force=>:cascade})
   -> 0.0143s
-- create_table("vulnerability_occurrences", {:force=>:cascade})
   -> 0.0269s
-- create_table("vulnerability_scanners", {:force=>:cascade})
   -> 0.3085s
-- create_table("web_hook_logs", {:id=>:serial, :force=>:cascade})
   -> 0.0407s
-- create_table("web_hooks", {:id=>:serial, :force=>:cascade})
   -> 0.0430s
-- add_foreign_key("alerts_service_data", "services", {:on_delete=>:cascade})
   -> 0.0088s
-- add_foreign_key("allowed_email_domains", "namespaces", {:column=>"group_id", :on_delete=>:cascade})
   -> 0.0064s
-- add_foreign_key("analytics_cycle_analytics_group_stages", "labels", {:column=>"end_event_label_id", :on_delete=>:cascade})
   -> 0.0056s
-- add_foreign_key("analytics_cycle_analytics_group_stages", "labels", {:column=>"start_event_label_id", :on_delete=>:cascade})
   -> 0.0045s
-- add_foreign_key("analytics_cycle_analytics_group_stages", "namespaces", {:column=>"group_id", :on_delete=>:cascade})
   -> 0.0049s
-- add_foreign_key("analytics_cycle_analytics_project_stages", "labels", {:column=>"end_event_label_id", :on_delete=>:cascade})
   -> 0.0060s
-- add_foreign_key("analytics_cycle_analytics_project_stages", "labels", {:column=>"start_event_label_id", :on_delete=>:cascade})
   -> 0.0042s
-- add_foreign_key("analytics_cycle_analytics_project_stages", "projects", {:on_delete=>:cascade})
   -> 0.0081s
-- add_foreign_key("analytics_language_trend_repository_languages", "programming_languages", {:on_delete=>:cascade})
   -> 0.0048s
-- add_foreign_key("analytics_language_trend_repository_languages", "projects", {:on_delete=>:cascade})
   -> 0.0049s
-- add_foreign_key("application_settings", "namespaces", {:column=>"custom_project_templates_group_id", :on_delete=>:nullify})
   -> 0.0073s
-- add_foreign_key("application_settings", "projects", {:column=>"file_template_project_id", :name=>"fk_ec757bd087", :on_delete=>:nullify})
   -> 0.0064s
-- add_foreign_key("application_settings", "projects", {:column=>"instance_administration_project_id", :on_delete=>:nullify})
   -> 0.0059s
-- add_foreign_key("application_settings", "users", {:column=>"usage_stats_set_by_user_id", :name=>"fk_964370041d", :on_delete=>:nullify})
   -> 0.0090s
-- add_foreign_key("approval_merge_request_rule_sources", "approval_merge_request_rules", {:on_delete=>:cascade})
   -> 0.0038s
-- add_foreign_key("approval_merge_request_rule_sources", "approval_project_rules", {:on_delete=>:cascade})
   -> 0.0034s
-- add_foreign_key("approval_merge_request_rules", "merge_requests", {:on_delete=>:cascade})
   -> 0.0039s
-- add_foreign_key("approval_merge_request_rules_approved_approvers", "approval_merge_request_rules", {:on_delete=>:cascade})
   -> 0.0025s
-- add_foreign_key("approval_merge_request_rules_approved_approvers", "users", {:on_delete=>:cascade})
   -> 0.0030s
-- add_foreign_key("approval_merge_request_rules_groups", "approval_merge_request_rules", {:on_delete=>:cascade})
   -> 0.0058s
-- add_foreign_key("approval_merge_request_rules_groups", "namespaces", {:column=>"group_id", :on_delete=>:cascade})
   -> 0.0028s
-- add_foreign_key("approval_merge_request_rules_users", "approval_merge_request_rules", {:on_delete=>:cascade})
   -> 0.0026s
-- add_foreign_key("approval_merge_request_rules_users", "users", {:on_delete=>:cascade})
   -> 0.0030s
-- add_foreign_key("approval_project_rules", "projects", {:on_delete=>:cascade})
   -> 0.0030s
-- add_foreign_key("approval_project_rules_groups", "approval_project_rules", {:on_delete=>:cascade})
   -> 0.0023s
-- add_foreign_key("approval_project_rules_groups", "namespaces", {:column=>"group_id", :on_delete=>:cascade})
   -> 0.0032s
-- add_foreign_key("approval_project_rules_users", "approval_project_rules", {:on_delete=>:cascade})
   -> 0.0026s
-- add_foreign_key("approval_project_rules_users", "users", {:on_delete=>:cascade})
   -> 0.0030s
-- add_foreign_key("approvals", "merge_requests", {:name=>"fk_310d714958", :on_delete=>:cascade})
   -> 0.0029s
-- add_foreign_key("approver_groups", "namespaces", {:column=>"group_id", :on_delete=>:cascade})
   -> 0.0029s
-- add_foreign_key("badges", "namespaces", {:column=>"group_id", :on_delete=>:cascade})
   -> 0.0027s
-- add_foreign_key("badges", "projects", {:on_delete=>:cascade})
   -> 0.0086s
-- add_foreign_key("board_assignees", "boards", {:on_delete=>:cascade})
   -> 0.0026s
-- add_foreign_key("board_assignees", "users", {:column=>"assignee_id", :on_delete=>:cascade})
   -> 0.0032s
-- add_foreign_key("board_group_recent_visits", "boards", {:on_delete=>:cascade})
   -> 0.1102s
-- add_foreign_key("board_group_recent_visits", "namespaces", {:column=>"group_id", :on_delete=>:cascade})
   -> 0.0493s
-- add_foreign_key("board_group_recent_visits", "users", {:on_delete=>:cascade})
   -> 0.0413s
-- add_foreign_key("board_labels", "boards", {:on_delete=>:cascade})
   -> 0.0062s
-- add_foreign_key("board_labels", "labels", {:on_delete=>:cascade})
   -> 0.0065s
-- add_foreign_key("board_project_recent_visits", "boards", {:on_delete=>:cascade})
   -> 0.0062s
-- add_foreign_key("board_project_recent_visits", "projects", {:on_delete=>:cascade})
   -> 0.0099s
-- add_foreign_key("board_project_recent_visits", "users", {:on_delete=>:cascade})
   -> 0.0057s
-- add_foreign_key("boards", "namespaces", {:column=>"group_id", :name=>"fk_1e9a074a35", :on_delete=>:cascade})
   -> 0.0039s
-- add_foreign_key("boards", "projects", {:name=>"fk_f15266b5f9", :on_delete=>:cascade})
   -> 0.0043s
-- add_foreign_key("chat_teams", "namespaces", {:on_delete=>:cascade})
   -> 0.0057s
-- add_foreign_key("ci_build_needs", "ci_builds", {:column=>"build_id", :on_delete=>:cascade})
   -> 0.0071s
-- add_foreign_key("ci_build_trace_chunks", "ci_builds", {:column=>"build_id", :on_delete=>:cascade})
   -> 0.0042s
-- add_foreign_key("ci_build_trace_section_names", "projects", {:on_delete=>:cascade})
   -> 0.0049s
-- add_foreign_key("ci_build_trace_sections", "ci_build_trace_section_names", {:column=>"section_name_id", :name=>"fk_264e112c66", :on_delete=>:cascade})
   -> 0.0028s
-- add_foreign_key("ci_build_trace_sections", "ci_builds", {:column=>"build_id", :name=>"fk_4ebe41f502", :on_delete=>:cascade})
   -> 0.0027s
-- add_foreign_key("ci_build_trace_sections", "projects", {:on_delete=>:cascade})
   -> 0.0028s
-- add_foreign_key("ci_builds", "ci_pipelines", {:column=>"auto_canceled_by_id", :name=>"fk_a2141b1522", :on_delete=>:nullify})
   -> 0.0027s
-- add_foreign_key("ci_builds", "ci_pipelines", {:column=>"commit_id", :name=>"fk_d3130c9a7f", :on_delete=>:cascade})
   -> 0.0042s
-- add_foreign_key("ci_builds", "ci_pipelines", {:column=>"upstream_pipeline_id", :name=>"fk_87f4cefcda", :on_delete=>:cascade})
   -> 0.0022s
-- add_foreign_key("ci_builds", "ci_stages", {:column=>"stage_id", :name=>"fk_3a9eaa254d", :on_delete=>:cascade})
   -> 0.0025s
-- add_foreign_key("ci_builds", "projects", {:name=>"fk_befce0568a", :on_delete=>:cascade})
   -> 0.0025s
-- add_foreign_key("ci_builds_metadata", "ci_builds", {:column=>"build_id", :on_delete=>:cascade})
   -> 0.0025s
-- add_foreign_key("ci_builds_metadata", "projects", {:on_delete=>:cascade})
   -> 0.0024s
-- add_foreign_key("ci_builds_runner_session", "ci_builds", {:column=>"build_id", :on_delete=>:cascade})
   -> 0.0023s
-- add_foreign_key("ci_group_variables", "namespaces", {:column=>"group_id", :name=>"fk_33ae4d58d8", :on_delete=>:cascade})
   -> 0.0035s
-- add_foreign_key("ci_job_artifacts", "ci_builds", {:column=>"job_id", :on_delete=>:cascade})
   -> 0.0025s
-- add_foreign_key("ci_job_artifacts", "projects", {:on_delete=>:cascade})
   -> 0.0049s
-- add_foreign_key("ci_job_variables", "ci_builds", {:column=>"job_id", :on_delete=>:cascade})
   -> 0.0025s
-- add_foreign_key("ci_pipeline_chat_data", "chat_names", {:on_delete=>:cascade})
   -> 0.0023s
-- add_foreign_key("ci_pipeline_chat_data", "ci_pipelines", {:column=>"pipeline_id", :on_delete=>:cascade})
   -> 0.0020s
-- add_foreign_key("ci_pipeline_schedule_variables", "ci_pipeline_schedules", {:column=>"pipeline_schedule_id", :name=>"fk_41c35fda51", :on_delete=>:cascade})
   -> 0.0023s
-- add_foreign_key("ci_pipeline_schedules", "projects", {:name=>"fk_8ead60fcc4", :on_delete=>:cascade})
   -> 0.0025s
-- add_foreign_key("ci_pipeline_schedules", "users", {:column=>"owner_id", :name=>"fk_9ea99f58d2", :on_delete=>:nullify})
   -> 0.0022s
-- add_foreign_key("ci_pipeline_variables", "ci_pipelines", {:column=>"pipeline_id", :name=>"fk_f29c5f4380", :on_delete=>:cascade})
   -> 0.0034s
-- add_foreign_key("ci_pipelines", "ci_pipeline_schedules", {:column=>"pipeline_schedule_id", :name=>"fk_3d34ab2e06", :on_delete=>:nullify})
   -> 0.0019s
-- add_foreign_key("ci_pipelines", "ci_pipelines", {:column=>"auto_canceled_by_id", :name=>"fk_262d4c2d19", :on_delete=>:nullify})
   -> 0.0022s
-- add_foreign_key("ci_pipelines", "external_pull_requests", {:name=>"fk_190998ef09", :on_delete=>:nullify})
   -> 0.0028s
-- add_foreign_key("ci_pipelines", "merge_requests", {:name=>"fk_a23be95014", :on_delete=>:cascade})
   -> 0.0023s
-- add_foreign_key("ci_pipelines", "projects", {:name=>"fk_86635dbd80", :on_delete=>:cascade})
   -> 0.0025s
-- add_foreign_key("ci_runner_namespaces", "ci_runners", {:column=>"runner_id", :on_delete=>:cascade})
   -> 0.0035s
-- add_foreign_key("ci_runner_namespaces", "namespaces", {:on_delete=>:cascade})
   -> 0.0024s
-- add_foreign_key("ci_runner_projects", "projects", {:name=>"fk_4478a6f1e4", :on_delete=>:cascade})
   -> 0.0025s
-- add_foreign_key("ci_sources_pipelines", "ci_builds", {:column=>"source_job_id", :name=>"fk_be5624bf37", :on_delete=>:cascade})
   -> 0.0023s
-- add_foreign_key("ci_sources_pipelines", "ci_pipelines", {:column=>"pipeline_id", :name=>"fk_e1bad85861", :on_delete=>:cascade})
   -> 0.0023s
-- add_foreign_key("ci_sources_pipelines", "ci_pipelines", {:column=>"source_pipeline_id", :name=>"fk_d4e29af7d7", :on_delete=>:cascade})
   -> 0.0024s
-- add_foreign_key("ci_sources_pipelines", "projects", {:column=>"source_project_id", :name=>"fk_acd9737679", :on_delete=>:cascade})
   -> 0.0028s
-- add_foreign_key("ci_sources_pipelines", "projects", {:name=>"fk_1e53c97c0a", :on_delete=>:cascade})
   -> 0.0063s
-- add_foreign_key("ci_stages", "ci_pipelines", {:column=>"pipeline_id", :name=>"fk_fb57e6cc56", :on_delete=>:cascade})
   -> 0.0028s
-- add_foreign_key("ci_stages", "projects", {:name=>"fk_2360681d1d", :on_delete=>:cascade})
   -> 0.0028s
-- add_foreign_key("ci_trigger_requests", "ci_triggers", {:column=>"trigger_id", :name=>"fk_b8ec8b7245", :on_delete=>:cascade})
   -> 0.0028s
-- add_foreign_key("ci_triggers", "projects", {:name=>"fk_e3e63f966e", :on_delete=>:cascade})
   -> 0.0035s
-- add_foreign_key("ci_triggers", "users", {:column=>"owner_id", :name=>"fk_e8e10d1964", :on_delete=>:cascade})
   -> 0.0025s
-- add_foreign_key("ci_variables", "projects", {:name=>"fk_ada5eb64b3", :on_delete=>:cascade})
   -> 0.0026s
-- add_foreign_key("cluster_groups", "clusters", {:on_delete=>:cascade})
   -> 0.0022s
-- add_foreign_key("cluster_groups", "namespaces", {:column=>"group_id", :on_delete=>:cascade})
   -> 0.0026s
-- add_foreign_key("cluster_platforms_kubernetes", "clusters", {:on_delete=>:cascade})
   -> 0.0025s
-- add_foreign_key("cluster_projects", "clusters", {:on_delete=>:cascade})
   -> 0.0022s
-- add_foreign_key("cluster_projects", "projects", {:on_delete=>:cascade})
   -> 0.0031s
-- add_foreign_key("cluster_providers_gcp", "clusters", {:on_delete=>:cascade})
   -> 0.0020s
-- add_foreign_key("clusters", "users", {:on_delete=>:nullify})
   -> 0.0027s
-- add_foreign_key("clusters_applications_cert_managers", "clusters", {:on_delete=>:cascade})
   -> 0.0029s
-- add_foreign_key("clusters_applications_helm", "clusters", {:on_delete=>:cascade})
   -> 0.0027s
-- add_foreign_key("clusters_applications_ingress", "clusters", {:on_delete=>:cascade})
   -> 0.0023s
-- add_foreign_key("clusters_applications_jupyter", "clusters", {:on_delete=>:cascade})
   -> 0.0022s
-- add_foreign_key("clusters_applications_jupyter", "oauth_applications", {:on_delete=>:nullify})
   -> 0.0022s
-- add_foreign_key("clusters_applications_knative", "clusters", {:on_delete=>:cascade})
   -> 0.0023s
-- add_foreign_key("clusters_applications_prometheus", "clusters", {:name=>"fk_557e773639", :on_delete=>:cascade})
   -> 0.0021s
-- add_foreign_key("clusters_applications_runners", "ci_runners", {:column=>"runner_id", :name=>"fk_02de2ded36", :on_delete=>:nullify})
   -> 0.0036s
-- add_foreign_key("clusters_applications_runners", "clusters", {:on_delete=>:cascade})
   -> 0.0023s
-- add_foreign_key("clusters_kubernetes_namespaces", "cluster_projects", {:on_delete=>:nullify})
   -> 0.0030s
-- add_foreign_key("clusters_kubernetes_namespaces", "clusters", {:on_delete=>:cascade})
   -> 0.0028s
-- add_foreign_key("clusters_kubernetes_namespaces", "environments", {:on_delete=>:nullify})
   -> 0.0030s
-- add_foreign_key("clusters_kubernetes_namespaces", "projects", {:on_delete=>:nullify})
   -> 0.0029s
-- add_foreign_key("container_repositories", "projects")
   -> 0.0029s
-- add_foreign_key("dependency_proxy_blobs", "namespaces", {:column=>"group_id", :on_delete=>:cascade})
   -> 0.0025s
-- add_foreign_key("dependency_proxy_group_settings", "namespaces", {:column=>"group_id", :on_delete=>:cascade})
   -> 0.0027s
-- add_foreign_key("deploy_keys_projects", "projects", {:name=>"fk_58a901ca7e", :on_delete=>:cascade})
   -> 0.0030s
-- add_foreign_key("deployments", "clusters", {:name=>"fk_289bba3222", :on_delete=>:nullify})
   -> 0.0024s
-- add_foreign_key("deployments", "projects", {:name=>"fk_b9a3851b82", :on_delete=>:cascade})
   -> 0.0024s
-- add_foreign_key("design_management_designs", "issues", {:on_delete=>:cascade})
   -> 0.0027s
-- add_foreign_key("design_management_designs", "projects", {:on_delete=>:cascade})
   -> 0.0026s
-- add_foreign_key("design_management_designs_versions", "design_management_designs", {:column=>"design_id", :name=>"fk_03c671965c", :on_delete=>:cascade})
   -> 0.0020s
-- add_foreign_key("design_management_designs_versions", "design_management_versions", {:column=>"version_id", :name=>"fk_f4d25ba00c", :on_delete=>:cascade})
   -> 0.0034s
-- add_foreign_key("design_management_versions", "issues", {:on_delete=>:cascade})
   -> 0.0024s
-- add_foreign_key("draft_notes", "merge_requests", {:on_delete=>:cascade})
   -> 0.0023s
-- add_foreign_key("draft_notes", "users", {:column=>"author_id", :on_delete=>:cascade})
   -> 0.0035s
-- add_foreign_key("elasticsearch_indexed_namespaces", "namespaces", {:on_delete=>:cascade})
   -> 0.0024s
-- add_foreign_key("elasticsearch_indexed_projects", "projects", {:on_delete=>:cascade})
   -> 0.0023s
-- add_foreign_key("environments", "projects", {:name=>"fk_d1c8c1da6a", :on_delete=>:cascade})
   -> 0.0035s
-- add_foreign_key("epic_issues", "epics", {:on_delete=>:cascade})
   -> 0.0023s
-- add_foreign_key("epic_issues", "issues", {:on_delete=>:cascade})
   -> 0.0024s
-- add_foreign_key("epic_metrics", "epics", {:on_delete=>:cascade})
   -> 0.0035s
-- add_foreign_key("epics", "epics", {:column=>"parent_id", :name=>"fk_25b99c1be3", :on_delete=>:cascade})
   -> 0.0023s
-- add_foreign_key("epics", "milestones", {:on_delete=>:nullify})
   -> 0.0026s
-- add_foreign_key("epics", "namespaces", {:column=>"group_id", :name=>"fk_f081aa4489", :on_delete=>:cascade})
   -> 0.0035s
-- add_foreign_key("epics", "users", {:column=>"assignee_id", :name=>"fk_dccd3f98fc", :on_delete=>:nullify})
   -> 0.0026s
-- add_foreign_key("epics", "users", {:column=>"author_id", :name=>"fk_3654b61b03", :on_delete=>:cascade})
   -> 0.0024s
-- add_foreign_key("epics", "users", {:column=>"closed_by_id", :name=>"fk_aa5798e761", :on_delete=>:nullify})
   -> 0.0028s
-- add_foreign_key("events", "namespaces", {:column=>"group_id", :name=>"fk_61fbf6ca48", :on_delete=>:cascade})
   -> 0.0040s
-- add_foreign_key("events", "projects", {:on_delete=>:cascade})
   -> 0.0045s
-- add_foreign_key("events", "users", {:column=>"author_id", :name=>"fk_edfd187b6f", :on_delete=>:cascade})
   -> 0.1424s
-- add_foreign_key("external_pull_requests", "projects", {:on_delete=>:cascade})
   -> 0.0589s
-- add_foreign_key("fork_network_members", "fork_networks", {:on_delete=>:cascade})
   -> 0.0070s
-- add_foreign_key("fork_network_members", "projects", {:column=>"forked_from_project_id", :name=>"fk_b01280dae4", :on_delete=>:nullify})
   -> 0.0081s
-- add_foreign_key("fork_network_members", "projects", {:on_delete=>:cascade})
   -> 0.0062s
-- add_foreign_key("fork_networks", "projects", {:column=>"root_project_id", :name=>"fk_e7b436b2b5", :on_delete=>:nullify})
   -> 0.0068s
-- add_foreign_key("forked_project_links", "projects", {:column=>"forked_to_project_id", :name=>"fk_434510edb0", :on_delete=>:cascade})
   -> 0.0059s
-- add_foreign_key("geo_container_repository_updated_events", "container_repositories", {:name=>"fk_212c89c706", :on_delete=>:cascade})
   -> 0.0052s
-- add_foreign_key("geo_event_log", "geo_cache_invalidation_events", {:column=>"cache_invalidation_event_id", :name=>"fk_42c3b54bed", :on_delete=>:cascade})
   -> 0.0046s
-- add_foreign_key("geo_event_log", "geo_container_repository_updated_events", {:column=>"container_repository_updated_event_id", :name=>"fk_6ada82d42a", :on_delete=>:cascade})
   -> 0.0039s
-- add_foreign_key("geo_event_log", "geo_hashed_storage_migrated_events", {:column=>"hashed_storage_migrated_event_id", :name=>"fk_27548c6db3", :on_delete=>:cascade})
   -> 0.0039s
-- add_foreign_key("geo_event_log", "geo_job_artifact_deleted_events", {:column=>"job_artifact_deleted_event_id", :name=>"fk_176d3fbb5d", :on_delete=>:cascade})
   -> 0.0042s
-- add_foreign_key("geo_event_log", "geo_lfs_object_deleted_events", {:column=>"lfs_object_deleted_event_id", :name=>"fk_d5af95fcd9", :on_delete=>:cascade})
   -> 0.0042s
-- add_foreign_key("geo_event_log", "geo_repositories_changed_events", {:column=>"repositories_changed_event_id", :name=>"fk_4a99ebfd60", :on_delete=>:cascade})
   -> 0.0039s
-- add_foreign_key("geo_event_log", "geo_repository_created_events", {:column=>"repository_created_event_id", :name=>"fk_9b9afb1916", :on_delete=>:cascade})
   -> 0.0035s
-- add_foreign_key("geo_event_log", "geo_repository_deleted_events", {:column=>"repository_deleted_event_id", :name=>"fk_c4b1c1f66e", :on_delete=>:cascade})
   -> 0.0049s
-- add_foreign_key("geo_event_log", "geo_repository_renamed_events", {:column=>"repository_renamed_event_id", :name=>"fk_86c84214ec", :on_delete=>:cascade})
   -> 0.0043s
-- add_foreign_key("geo_event_log", "geo_repository_updated_events", {:column=>"repository_updated_event_id", :name=>"fk_78a6492f68", :on_delete=>:cascade})
   -> 0.0042s
-- add_foreign_key("geo_event_log", "geo_reset_checksum_events", {:column=>"reset_checksum_event_id", :name=>"fk_cff7185ad2", :on_delete=>:cascade})
   -> 0.0039s
-- add_foreign_key("geo_event_log", "geo_upload_deleted_events", {:column=>"upload_deleted_event_id", :name=>"fk_c1f241c70d", :on_delete=>:cascade})
   -> 0.0047s
-- add_foreign_key("geo_hashed_storage_attachments_events", "projects", {:on_delete=>:cascade})
   -> 0.0046s
-- add_foreign_key("geo_hashed_storage_migrated_events", "projects", {:on_delete=>:cascade})
   -> 0.0047s
-- add_foreign_key("geo_node_namespace_links", "geo_nodes", {:on_delete=>:cascade})
   -> 0.0064s
-- add_foreign_key("geo_node_namespace_links", "namespaces", {:on_delete=>:cascade})
   -> 0.0043s
-- add_foreign_key("geo_node_statuses", "geo_nodes", {:on_delete=>:cascade})
   -> 0.0045s
-- add_foreign_key("geo_repositories_changed_events", "geo_nodes", {:on_delete=>:cascade})
   -> 0.0037s
-- add_foreign_key("geo_repository_created_events", "projects", {:on_delete=>:cascade})
   -> 0.0046s
-- add_foreign_key("geo_repository_renamed_events", "projects", {:on_delete=>:cascade})
   -> 0.0029s
-- add_foreign_key("geo_repository_updated_events", "projects", {:on_delete=>:cascade})
   -> 0.0043s
-- add_foreign_key("geo_reset_checksum_events", "projects", {:on_delete=>:cascade})
   -> 0.0033s
-- add_foreign_key("gitlab_subscriptions", "namespaces", {:name=>"fk_e2595d00a1", :on_delete=>:cascade})
   -> 0.0051s
-- add_foreign_key("gitlab_subscriptions", "plans", {:column=>"hosted_plan_id", :name=>"fk_bd0c4019c3", :on_delete=>:cascade})
   -> 0.0038s
-- add_foreign_key("gpg_key_subkeys", "gpg_keys", {:on_delete=>:cascade})
   -> 0.0043s
-- add_foreign_key("gpg_keys", "users", {:on_delete=>:cascade})
   -> 0.0034s
-- add_foreign_key("gpg_signatures", "gpg_key_subkeys", {:on_delete=>:nullify})
   -> 0.0050s
-- add_foreign_key("gpg_signatures", "gpg_keys", {:on_delete=>:nullify})
   -> 0.0029s
-- add_foreign_key("gpg_signatures", "projects", {:on_delete=>:cascade})
   -> 0.0052s
-- add_foreign_key("group_custom_attributes", "namespaces", {:column=>"group_id", :on_delete=>:cascade})
   -> 0.0032s
-- add_foreign_key("identities", "saml_providers", {:name=>"fk_aade90f0fc", :on_delete=>:cascade})
   -> 0.0049s
-- add_foreign_key("import_export_uploads", "projects", {:on_delete=>:cascade})
   -> 0.0034s
-- add_foreign_key("index_statuses", "projects", {:name=>"fk_74b2492545", :on_delete=>:cascade})
   -> 0.0044s
-- add_foreign_key("insights", "namespaces", {:on_delete=>:cascade})
   -> 0.0034s
-- add_foreign_key("insights", "projects", {:on_delete=>:cascade})
   -> 0.0028s
-- add_foreign_key("internal_ids", "namespaces", {:name=>"fk_162941d509", :on_delete=>:cascade})
   -> 0.0032s
-- add_foreign_key("internal_ids", "projects", {:on_delete=>:cascade})
   -> 0.0029s
-- add_foreign_key("ip_restrictions", "namespaces", {:column=>"group_id", :on_delete=>:cascade})
   -> 0.0046s
-- add_foreign_key("issue_assignees", "issues", {:name=>"fk_b7d881734a", :on_delete=>:cascade})
   -> 0.0032s
-- add_foreign_key("issue_assignees", "users", {:name=>"fk_5e0c8d9154", :on_delete=>:cascade})
   -> 0.0038s
-- add_foreign_key("issue_links", "issues", {:column=>"source_id", :name=>"fk_c900194ff2", :on_delete=>:cascade})
   -> 0.0030s
-- add_foreign_key("issue_links", "issues", {:column=>"target_id", :name=>"fk_e71bb44f1f", :on_delete=>:cascade})
   -> 0.0027s
-- add_foreign_key("issue_metrics", "issues", {:on_delete=>:cascade})
   -> 0.0036s
-- add_foreign_key("issue_tracker_data", "services", {:on_delete=>:cascade})
   -> 0.0023s
-- add_foreign_key("issues", "issues", {:column=>"duplicated_to_id", :name=>"fk_9c4516d665", :on_delete=>:nullify})
   -> 0.0023s
-- add_foreign_key("issues", "issues", {:column=>"moved_to_id", :name=>"fk_a194299be1", :on_delete=>:nullify})
   -> 0.0036s
-- add_foreign_key("issues", "milestones", {:name=>"fk_96b1dd429c", :on_delete=>:nullify})
   -> 0.0024s
-- add_foreign_key("issues", "projects", {:name=>"fk_899c8f3231", :on_delete=>:cascade})
   -> 0.0025s
-- add_foreign_key("issues", "users", {:column=>"author_id", :name=>"fk_05f1e72feb", :on_delete=>:nullify})
   -> 0.0032s
-- add_foreign_key("issues", "users", {:column=>"closed_by_id", :name=>"fk_c63cbf6c25", :on_delete=>:nullify})
   -> 0.0022s
-- add_foreign_key("issues", "users", {:column=>"updated_by_id", :name=>"fk_ffed080f01", :on_delete=>:nullify})
   -> 0.0024s
-- add_foreign_key("jira_connect_subscriptions", "jira_connect_installations", {:on_delete=>:cascade})
   -> 0.0032s
-- add_foreign_key("jira_connect_subscriptions", "namespaces", {:on_delete=>:cascade})
   -> 0.0024s
-- add_foreign_key("jira_tracker_data", "services", {:on_delete=>:cascade})
   -> 0.0024s
-- add_foreign_key("label_links", "labels", {:name=>"fk_d97dd08678", :on_delete=>:cascade})
   -> 0.0020s
-- add_foreign_key("label_priorities", "labels", {:on_delete=>:cascade})
   -> 0.0023s
-- add_foreign_key("label_priorities", "projects", {:on_delete=>:cascade})
   -> 0.0026s
-- add_foreign_key("labels", "namespaces", {:column=>"group_id", :on_delete=>:cascade})
   -> 0.0031s
-- add_foreign_key("labels", "projects", {:name=>"fk_7de4989a69", :on_delete=>:cascade})
   -> 0.0026s
-- add_foreign_key("lfs_file_locks", "projects", {:on_delete=>:cascade})
   -> 0.0023s
-- add_foreign_key("lfs_file_locks", "users", {:on_delete=>:cascade})
   -> 0.0025s
-- add_foreign_key("list_user_preferences", "lists", {:on_delete=>:cascade})
   -> 0.0022s
-- add_foreign_key("list_user_preferences", "users", {:on_delete=>:cascade})
   -> 0.0043s
-- add_foreign_key("lists", "boards", {:name=>"fk_0d3f677137", :on_delete=>:cascade})
   -> 0.0023s
-- add_foreign_key("lists", "labels", {:name=>"fk_7a5553d60f", :on_delete=>:cascade})
   -> 0.0025s
-- add_foreign_key("lists", "milestones", {:on_delete=>:cascade})
   -> 0.0020s
-- add_foreign_key("lists", "users", {:name=>"fk_d6cf4279f7", :on_delete=>:cascade})
   -> 0.0026s
-- add_foreign_key("members", "users", {:name=>"fk_2e88fb7ce9", :on_delete=>:cascade})
   -> 0.0030s
-- add_foreign_key("merge_request_assignees", "merge_requests", {:on_delete=>:cascade})
   -> 0.0029s
-- add_foreign_key("merge_request_assignees", "users", {:on_delete=>:cascade})
   -> 0.0025s
-- add_foreign_key("merge_request_blocks", "merge_requests", {:column=>"blocked_merge_request_id", :on_delete=>:cascade})
   -> 0.0036s
-- add_foreign_key("merge_request_blocks", "merge_requests", {:column=>"blocking_merge_request_id", :on_delete=>:cascade})
   -> 0.0021s
-- add_foreign_key("merge_request_diff_commits", "merge_request_diffs", {:on_delete=>:cascade})
   -> 0.0022s
-- add_foreign_key("merge_request_diff_files", "merge_request_diffs", {:on_delete=>:cascade})
   -> 0.0035s
-- add_foreign_key("merge_request_diffs", "merge_requests", {:name=>"fk_8483f3258f", :on_delete=>:cascade})
   -> 0.0024s
-- add_foreign_key("merge_request_metrics", "ci_pipelines", {:column=>"pipeline_id", :on_delete=>:cascade})
   -> 0.0026s
-- add_foreign_key("merge_request_metrics", "merge_requests", {:on_delete=>:cascade})
   -> 0.0046s
-- add_foreign_key("merge_request_metrics", "users", {:column=>"latest_closed_by_id", :name=>"fk_ae440388cc", :on_delete=>:nullify})
   -> 0.0774s
-- add_foreign_key("merge_request_metrics", "users", {:column=>"merged_by_id", :name=>"fk_7f28d925f3", :on_delete=>:nullify})
   -> 0.0978s
-- add_foreign_key("merge_requests", "ci_pipelines", {:column=>"head_pipeline_id", :name=>"fk_fd82eae0b9", :on_delete=>:nullify})
   -> 0.0437s
-- add_foreign_key("merge_requests", "merge_request_diffs", {:column=>"latest_merge_request_diff_id", :name=>"fk_06067f5644", :on_delete=>:nullify})
   -> 0.0067s
-- add_foreign_key("merge_requests", "milestones", {:name=>"fk_6a5165a692", :on_delete=>:nullify})
   -> 0.0070s
-- add_foreign_key("merge_requests", "projects", {:column=>"source_project_id", :name=>"fk_3308fe130c", :on_delete=>:nullify})
   -> 0.0108s
-- add_foreign_key("merge_requests", "projects", {:column=>"target_project_id", :name=>"fk_a6963e8447", :on_delete=>:cascade})
   -> 0.0081s
-- add_foreign_key("merge_requests", "users", {:column=>"assignee_id", :name=>"fk_6149611a04", :on_delete=>:nullify})
   -> 0.0102s
-- add_foreign_key("merge_requests", "users", {:column=>"author_id", :name=>"fk_e719a85f8a", :on_delete=>:nullify})
   -> 0.0045s
-- add_foreign_key("merge_requests", "users", {:column=>"merge_user_id", :name=>"fk_ad525e1f87", :on_delete=>:nullify})
   -> 0.0031s
-- add_foreign_key("merge_requests", "users", {:column=>"updated_by_id", :name=>"fk_641731faff", :on_delete=>:nullify})
   -> 0.0038s
-- add_foreign_key("merge_requests_closing_issues", "issues", {:on_delete=>:cascade})
   -> 0.0053s
-- add_foreign_key("merge_requests_closing_issues", "merge_requests", {:on_delete=>:cascade})
   -> 0.0041s
-- add_foreign_key("merge_trains", "ci_pipelines", {:column=>"pipeline_id", :on_delete=>:nullify})
   -> 0.0036s
-- add_foreign_key("merge_trains", "merge_requests", {:on_delete=>:cascade})
   -> 0.0035s
-- add_foreign_key("merge_trains", "projects", {:column=>"target_project_id", :on_delete=>:cascade})
   -> 0.0031s
-- add_foreign_key("merge_trains", "users", {:on_delete=>:cascade})
   -> 0.0027s
-- add_foreign_key("milestone_releases", "milestones", {:on_delete=>:cascade})
   -> 0.0021s
-- add_foreign_key("milestone_releases", "releases", {:on_delete=>:cascade})
   -> 0.0022s
-- add_foreign_key("milestones", "namespaces", {:column=>"group_id", :name=>"fk_95650a40d4", :on_delete=>:cascade})
   -> 0.0022s
-- add_foreign_key("milestones", "projects", {:name=>"fk_9bd0a0c791", :on_delete=>:cascade})
   -> 0.0028s
-- add_foreign_key("namespace_aggregation_schedules", "namespaces", {:on_delete=>:cascade})
   -> 0.0039s
-- add_foreign_key("namespace_root_storage_statistics", "namespaces", {:on_delete=>:cascade})
   -> 0.0023s
-- add_foreign_key("namespace_statistics", "namespaces", {:on_delete=>:cascade})
   -> 0.0028s
-- add_foreign_key("namespaces", "namespaces", {:column=>"custom_project_templates_group_id", :name=>"fk_e7a0b20a6b", :on_delete=>:nullify})
   -> 0.0025s
-- add_foreign_key("namespaces", "plans", {:name=>"fk_fdd12e5b80", :on_delete=>:nullify})
   -> 0.0088s
-- add_foreign_key("namespaces", "projects", {:column=>"file_template_project_id", :name=>"fk_319256d87a", :on_delete=>:nullify})
   -> 0.0043s
-- add_foreign_key("note_diff_files", "notes", {:column=>"diff_note_id", :on_delete=>:cascade})
   -> 0.0035s
-- add_foreign_key("notes", "projects", {:name=>"fk_99e097b079", :on_delete=>:cascade})
   -> 0.0031s
-- add_foreign_key("notes", "reviews", {:name=>"fk_2e82291620", :on_delete=>:nullify})
   -> 0.0029s
-- add_foreign_key("notification_settings", "users", {:name=>"fk_0c95e91db7", :on_delete=>:cascade})
   -> 0.0030s
-- add_foreign_key("oauth_openid_requests", "oauth_access_grants", {:column=>"access_grant_id", :name=>"fk_oauth_openid_requests_oauth_access_grants_access_grant_id"})
   -> 0.0041s
-- add_foreign_key("operations_feature_flag_scopes", "operations_feature_flags", {:column=>"feature_flag_id", :on_delete=>:cascade})
   -> 0.0026s
-- add_foreign_key("operations_feature_flags", "projects", {:on_delete=>:cascade})
   -> 0.0031s
-- add_foreign_key("operations_feature_flags_clients", "projects", {:on_delete=>:cascade})
   -> 0.0033s
-- add_foreign_key("packages_maven_metadata", "packages_packages", {:column=>"package_id", :name=>"fk_be88aed360", :on_delete=>:cascade})
   -> 0.0027s
-- add_foreign_key("packages_package_files", "packages_packages", {:column=>"package_id", :name=>"fk_86f0f182f8", :on_delete=>:cascade})
   -> 0.0026s
-- add_foreign_key("packages_package_metadata", "packages_packages", {:column=>"package_id", :on_delete=>:cascade})
   -> 0.0031s
-- add_foreign_key("packages_package_tags", "packages_packages", {:column=>"package_id", :on_delete=>:cascade})
   -> 0.0025s
-- add_foreign_key("packages_packages", "projects", {:on_delete=>:cascade})
   -> 0.0033s
-- add_foreign_key("pages_domain_acme_orders", "pages_domains", {:on_delete=>:cascade})
   -> 0.0031s
-- add_foreign_key("pages_domains", "projects", {:name=>"fk_ea2f6dfc6f", :on_delete=>:cascade})
   -> 0.0029s
-- add_foreign_key("path_locks", "projects", {:name=>"fk_5265c98f24", :on_delete=>:cascade})
   -> 0.0043s
-- add_foreign_key("path_locks", "users")
   -> 0.0033s
-- add_foreign_key("personal_access_tokens", "users")
   -> 0.0043s
-- add_foreign_key("pool_repositories", "projects", {:column=>"source_project_id", :on_delete=>:nullify})
   -> 0.0029s
-- add_foreign_key("pool_repositories", "shards", {:on_delete=>:restrict})
   -> 0.0029s
-- add_foreign_key("project_alerting_settings", "projects", {:on_delete=>:cascade})
   -> 0.0032s
-- add_foreign_key("project_aliases", "projects", {:on_delete=>:cascade})
   -> 0.0034s
-- add_foreign_key("project_authorizations", "projects", {:on_delete=>:cascade})
   -> 0.0046s
-- add_foreign_key("project_authorizations", "users", {:on_delete=>:cascade})
   -> 0.0031s
-- add_foreign_key("project_auto_devops", "projects", {:on_delete=>:cascade})
   -> 0.0055s
-- add_foreign_key("project_ci_cd_settings", "projects", {:name=>"fk_24c15d2f2e", :on_delete=>:cascade})
   -> 0.0030s
-- add_foreign_key("project_custom_attributes", "projects", {:on_delete=>:cascade})
   -> 0.0029s
-- add_foreign_key("project_daily_statistics", "projects", {:on_delete=>:cascade})
   -> 0.0030s
-- add_foreign_key("project_deploy_tokens", "deploy_tokens", {:on_delete=>:cascade})
   -> 0.0028s
-- add_foreign_key("project_deploy_tokens", "projects", {:on_delete=>:cascade})
   -> 0.0030s
-- add_foreign_key("project_error_tracking_settings", "projects", {:on_delete=>:cascade})
   -> 0.0031s
-- add_foreign_key("project_feature_usages", "projects", {:on_delete=>:cascade})
   -> 0.0028s
-- add_foreign_key("project_features", "projects", {:name=>"fk_18513d9b92", :on_delete=>:cascade})
   -> 0.0036s
-- add_foreign_key("project_group_links", "projects", {:name=>"fk_daa8cee94c", :on_delete=>:cascade})
   -> 0.0031s
-- add_foreign_key("project_import_data", "projects", {:name=>"fk_ffb9ee3a10", :on_delete=>:cascade})
   -> 0.0028s
-- add_foreign_key("project_incident_management_settings", "projects", {:on_delete=>:cascade})
   -> 0.0031s
-- add_foreign_key("project_metrics_settings", "projects", {:on_delete=>:cascade})
   -> 0.0029s
-- add_foreign_key("project_mirror_data", "projects", {:name=>"fk_d1aad367d7", :on_delete=>:cascade})
   -> 0.0042s
-- add_foreign_key("project_repositories", "projects", {:on_delete=>:cascade})
   -> 0.0030s
-- add_foreign_key("project_repositories", "shards", {:on_delete=>:restrict})
   -> 0.0053s
-- add_foreign_key("project_repository_states", "projects", {:on_delete=>:cascade})
   -> 0.0032s
-- add_foreign_key("project_statistics", "projects", {:on_delete=>:cascade})
   -> 0.0031s
-- add_foreign_key("project_tracing_settings", "projects", {:on_delete=>:cascade})
   -> 0.0030s
-- add_foreign_key("projects", "pool_repositories", {:name=>"fk_6e5c14658a", :on_delete=>:nullify})
   -> 0.0031s
-- add_foreign_key("prometheus_alert_events", "projects", {:on_delete=>:cascade})
   -> 0.0044s
-- add_foreign_key("prometheus_alert_events", "prometheus_alerts", {:on_delete=>:cascade})
   -> 0.0022s
-- add_foreign_key("prometheus_alerts", "environments", {:on_delete=>:cascade})
   -> 0.0023s
-- add_foreign_key("prometheus_alerts", "projects", {:on_delete=>:cascade})
   -> 0.0038s
-- add_foreign_key("prometheus_alerts", "prometheus_metrics", {:on_delete=>:cascade})
   -> 0.0028s
-- add_foreign_key("prometheus_metrics", "projects", {:on_delete=>:cascade})
   -> 0.0027s
-- add_foreign_key("protected_branch_merge_access_levels", "namespaces", {:column=>"group_id", :name=>"fk_98f3d044fe", :on_delete=>:cascade})
   -> 0.0026s
-- add_foreign_key("protected_branch_merge_access_levels", "protected_branches", {:name=>"fk_8a3072ccb3", :on_delete=>:cascade})
   -> 0.0024s
-- add_foreign_key("protected_branch_merge_access_levels", "users")
   -> 0.0028s
-- add_foreign_key("protected_branch_push_access_levels", "namespaces", {:column=>"group_id", :name=>"fk_7111b68cdb", :on_delete=>:cascade})
   -> 0.0037s
-- add_foreign_key("protected_branch_push_access_levels", "protected_branches", {:name=>"fk_9ffc86a3d9", :on_delete=>:cascade})
   -> 0.1093s
-- add_foreign_key("protected_branch_push_access_levels", "users")
   -> 0.0486s
-- add_foreign_key("protected_branch_unprotect_access_levels", "namespaces", {:column=>"group_id", :on_delete=>:cascade})
   -> 0.0822s
-- add_foreign_key("protected_branch_unprotect_access_levels", "protected_branches", {:on_delete=>:cascade})
   -> 0.0058s
-- add_foreign_key("protected_branch_unprotect_access_levels", "users", {:on_delete=>:cascade})
   -> 0.0083s
-- add_foreign_key("protected_branches", "projects", {:name=>"fk_7a9c6d93e7", :on_delete=>:cascade})
   -> 0.0088s
-- add_foreign_key("protected_environment_deploy_access_levels", "namespaces", {:column=>"group_id", :on_delete=>:cascade})
   -> 0.0056s
-- add_foreign_key("protected_environment_deploy_access_levels", "protected_environments", {:on_delete=>:cascade})
   -> 0.0035s
-- add_foreign_key("protected_environment_deploy_access_levels", "users", {:on_delete=>:cascade})
   -> 0.0046s
-- add_foreign_key("protected_environments", "projects", {:on_delete=>:cascade})
   -> 0.0068s
-- add_foreign_key("protected_tag_create_access_levels", "namespaces", {:column=>"group_id", :name=>"fk_b4eb82fe3c", :on_delete=>:cascade})
   -> 0.0042s
-- add_foreign_key("protected_tag_create_access_levels", "protected_tags", {:name=>"fk_f7dfda8c51", :on_delete=>:cascade})
   -> 0.0040s
-- add_foreign_key("protected_tag_create_access_levels", "users")
   -> 0.0041s
-- add_foreign_key("protected_tags", "projects", {:name=>"fk_8e4af87648", :on_delete=>:cascade})
   -> 0.0034s
-- add_foreign_key("push_event_payloads", "events", {:name=>"fk_36c74129da", :on_delete=>:cascade})
   -> 0.0047s
-- add_foreign_key("push_rules", "projects", {:name=>"fk_83b29894de", :on_delete=>:cascade})
   -> 0.0037s
-- add_foreign_key("release_links", "releases", {:on_delete=>:cascade})
   -> 0.0047s
-- add_foreign_key("releases", "projects", {:name=>"fk_47fe2a0596", :on_delete=>:cascade})
   -> 0.0033s
-- add_foreign_key("releases", "users", {:column=>"author_id", :name=>"fk_8e4456f90f", :on_delete=>:nullify})
   -> 0.0033s
-- add_foreign_key("remote_mirrors", "projects", {:name=>"fk_43a9aa4ca8", :on_delete=>:cascade})
   -> 0.0040s
-- add_foreign_key("repository_languages", "projects", {:on_delete=>:cascade})
   -> 0.0028s
-- add_foreign_key("resource_label_events", "epics", {:on_delete=>:cascade})
   -> 0.0030s
-- add_foreign_key("resource_label_events", "issues", {:on_delete=>:cascade})
   -> 0.0033s
-- add_foreign_key("resource_label_events", "labels", {:on_delete=>:nullify})
   -> 0.0028s
-- add_foreign_key("resource_label_events", "merge_requests", {:on_delete=>:cascade})
   -> 0.0035s
-- add_foreign_key("resource_label_events", "users", {:on_delete=>:nullify})
   -> 0.0035s
-- add_foreign_key("reviews", "merge_requests", {:on_delete=>:cascade})
   -> 0.0031s
-- add_foreign_key("reviews", "projects", {:on_delete=>:cascade})
   -> 0.0037s
-- add_foreign_key("reviews", "users", {:column=>"author_id", :on_delete=>:nullify})
   -> 0.0032s
-- add_foreign_key("saml_providers", "namespaces", {:column=>"group_id", :on_delete=>:cascade})
   -> 0.0050s
-- add_foreign_key("scim_oauth_access_tokens", "namespaces", {:column=>"group_id", :on_delete=>:cascade})
   -> 0.0028s
-- add_foreign_key("services", "projects", {:name=>"fk_71cce407f9", :on_delete=>:cascade})
   -> 0.0049s
-- add_foreign_key("slack_integrations", "services", {:on_delete=>:cascade})
   -> 0.0027s
-- add_foreign_key("smartcard_identities", "users", {:on_delete=>:cascade})
   -> 0.0031s
-- add_foreign_key("snippets", "projects", {:name=>"fk_be41fd4bb7", :on_delete=>:cascade})
   -> 0.0065s
-- add_foreign_key("software_license_policies", "projects", {:on_delete=>:cascade})
   -> 0.0042s
-- add_foreign_key("software_license_policies", "software_licenses", {:on_delete=>:cascade})
   -> 0.0025s
-- add_foreign_key("subscriptions", "projects", {:on_delete=>:cascade})
   -> 0.0035s
-- add_foreign_key("suggestions", "notes", {:on_delete=>:cascade})
   -> 0.0028s
-- add_foreign_key("system_note_metadata", "notes", {:name=>"fk_d83a918cb1", :on_delete=>:cascade})
   -> 0.0031s
-- add_foreign_key("term_agreements", "application_setting_terms", {:column=>"term_id"})
   -> 0.0031s
-- add_foreign_key("term_agreements", "users", {:on_delete=>:cascade})
   -> 0.0026s
-- add_foreign_key("timelogs", "issues", {:name=>"fk_timelogs_issues_issue_id", :on_delete=>:cascade})
   -> 0.0044s
-- add_foreign_key("timelogs", "merge_requests", {:name=>"fk_timelogs_merge_requests_merge_request_id", :on_delete=>:cascade})
   -> 0.0028s
-- add_foreign_key("todos", "namespaces", {:column=>"group_id", :on_delete=>:cascade})
   -> 0.0030s
-- add_foreign_key("todos", "notes", {:name=>"fk_91d1f47b13", :on_delete=>:cascade})
   -> 0.0023s
-- add_foreign_key("todos", "projects", {:name=>"fk_45054f9c45", :on_delete=>:cascade})
   -> 0.0038s
-- add_foreign_key("todos", "users", {:column=>"author_id", :name=>"fk_ccf0373936", :on_delete=>:cascade})
   -> 0.0026s
-- add_foreign_key("todos", "users", {:name=>"fk_d94154aa95", :on_delete=>:cascade})
   -> 0.0046s
-- add_foreign_key("trending_projects", "projects", {:on_delete=>:cascade})
   -> 0.0034s
-- add_foreign_key("u2f_registrations", "users")
   -> 0.0037s
-- add_foreign_key("user_callouts", "users", {:on_delete=>:cascade})
   -> 0.0031s
-- add_foreign_key("user_custom_attributes", "users", {:on_delete=>:cascade})
   -> 0.0047s
-- add_foreign_key("user_interacted_projects", "projects", {:name=>"fk_722ceba4f7", :on_delete=>:cascade})
   -> 0.0046s
-- add_foreign_key("user_interacted_projects", "users", {:name=>"fk_0894651f08", :on_delete=>:cascade})
   -> 0.0038s
-- add_foreign_key("user_preferences", "users", {:on_delete=>:cascade})
   -> 0.0032s
-- add_foreign_key("user_statuses", "users", {:on_delete=>:cascade})
   -> 0.0043s
-- add_foreign_key("user_synced_attributes_metadata", "users", {:on_delete=>:cascade})
   -> 0.0028s
-- add_foreign_key("users", "application_setting_terms", {:column=>"accepted_term_id", :name=>"fk_789cd90b35", :on_delete=>:cascade})
   -> 0.0024s
-- add_foreign_key("users", "namespaces", {:column=>"managing_group_id", :name=>"fk_a4b8fefe3e", :on_delete=>:nullify})
   -> 0.0047s
-- add_foreign_key("users_ops_dashboard_projects", "projects", {:on_delete=>:cascade})
   -> 0.0039s
-- add_foreign_key("users_ops_dashboard_projects", "users", {:on_delete=>:cascade})
   -> 0.0044s
-- add_foreign_key("users_star_projects", "projects", {:name=>"fk_22cd27ddfc", :on_delete=>:cascade})
   -> 0.0038s
-- add_foreign_key("vulnerability_feedback", "ci_pipelines", {:column=>"pipeline_id", :on_delete=>:nullify})
   -> 0.0036s
-- add_foreign_key("vulnerability_feedback", "issues", {:on_delete=>:nullify})
   -> 0.0030s
-- add_foreign_key("vulnerability_feedback", "merge_requests", {:name=>"fk_563ff1912e", :on_delete=>:nullify})
   -> 0.0026s
-- add_foreign_key("vulnerability_feedback", "projects", {:on_delete=>:cascade})
   -> 0.0045s
-- add_foreign_key("vulnerability_feedback", "users", {:column=>"author_id", :on_delete=>:cascade})
   -> 0.0027s
-- add_foreign_key("vulnerability_feedback", "users", {:column=>"comment_author_id", :name=>"fk_94f7c8a81e", :on_delete=>:nullify})
   -> 0.0027s
-- add_foreign_key("vulnerability_identifiers", "projects", {:on_delete=>:cascade})
   -> 0.0038s
-- add_foreign_key("vulnerability_occurrence_identifiers", "vulnerability_identifiers", {:column=>"identifier_id", :on_delete=>:cascade})
   -> 0.0026s
-- add_foreign_key("vulnerability_occurrence_identifiers", "vulnerability_occurrences", {:column=>"occurrence_id", :on_delete=>:cascade})
   -> 0.0023s
-- add_foreign_key("vulnerability_occurrence_pipelines", "ci_pipelines", {:column=>"pipeline_id", :on_delete=>:cascade})
   -> 0.0030s
-- add_foreign_key("vulnerability_occurrence_pipelines", "vulnerability_occurrences", {:column=>"occurrence_id", :on_delete=>:cascade})
   -> 0.0653s
-- add_foreign_key("vulnerability_occurrences", "projects", {:on_delete=>:cascade})
   -> 0.1413s
-- add_foreign_key("vulnerability_occurrences", "vulnerability_identifiers", {:column=>"primary_identifier_id", :on_delete=>:cascade})
   -> 0.0067s
-- add_foreign_key("vulnerability_occurrences", "vulnerability_scanners", {:column=>"scanner_id", :on_delete=>:cascade})
   -> 0.0060s
-- add_foreign_key("vulnerability_scanners", "projects", {:on_delete=>:cascade})
   -> 0.0105s
-- add_foreign_key("web_hook_logs", "web_hooks", {:on_delete=>:cascade})
   -> 0.0067s
-- add_foreign_key("web_hooks", "projects", {:name=>"fk_0c8ca6d9d1", :on_delete=>:cascade})
   -> 0.0059s

== Seed from /opt/gitlab/embedded/service/gitlab-rails/db/fixtures/production/001_application_settings.rb
Creating the default ApplicationSetting record.

== Seed from /opt/gitlab/embedded/service/gitlab-rails/db/fixtures/production/002_admin.rb
Administrator account created:

login:    root
password: You'll be prompted to create one on your first visit.


== Seed from /opt/gitlab/embedded/service/gitlab-rails/db/fixtures/production/010_settings.rb

== Seed from /opt/gitlab/embedded/service/gitlab-rails/db/fixtures/production/999_common_metrics.rb
